<?xml version="1.0" encoding="UTF-8"?>
<robot generator="Robot 3.2.2 (Python 3.11.3 on win32)" generated="20230523 08:59:10.014" rpa="false">
<suite id="s1" name="RobotTestProject" source="D:\Perkuliahan\RobotTestProject">
<suite id="s1-s1" name="TestSuiteProyek" source="D:\Perkuliahan\RobotTestProject\TestSuiteProyek">
<suite id="s1-s1-s1" name="FirstTest" source="D:\Perkuliahan\RobotTestProject\TestSuiteProyek\FirstTest.robot">
<test id="s1-s1-s1-t1" name="Registrasi Pengguna">
<kw name="Open Browser" library="SeleniumLibrary">
<doc>Opens a new browser instance to the optional ``url``.</doc>
<arguments>
<arg>http://127.0.0.1:8000/register</arg>
<arg>chrome</arg>
</arguments>
<msg timestamp="20230523 08:59:10.885" level="INFO">Opening browser 'chrome' to base url 'http://127.0.0.1:8000/register'.</msg>
<status status="PASS" starttime="20230523 08:59:10.884" endtime="20230523 08:59:19.399"></status>
</kw>
<kw name="Set Selenium Implicit Wait" library="SeleniumLibrary">
<doc>Sets the implicit wait value used by Selenium.</doc>
<arguments>
<arg>20</arg>
</arguments>
<status status="PASS" starttime="20230523 08:59:19.399" endtime="20230523 08:59:19.404"></status>
</kw>
<kw name="Sleep" library="BuiltIn">
<doc>Pauses the test executed for the given time.</doc>
<arguments>
<arg>5</arg>
</arguments>
<msg timestamp="20230523 08:59:24.405" level="INFO">Slept 5 seconds</msg>
<status status="PASS" starttime="20230523 08:59:19.404" endtime="20230523 08:59:24.405"></status>
</kw>
<kw name="Input Text" library="SeleniumLibrary">
<doc>Types the given ``text`` into the text field identified by ``locator``.</doc>
<arguments>
<arg>namalengkap</arg>
<arg>Frams</arg>
</arguments>
<msg timestamp="20230523 08:59:24.405" level="INFO">Typing text 'Frams' into text field 'namalengkap'.</msg>
<msg timestamp="20230523 08:59:25.403" level="WARN">Keyword 'Capture Page Screenshot' could not be run on failure: Message: no such window: target window already closed
from unknown error: web view not found
  (Session info: chrome=113.0.5672.127)
Stacktrace:
Backtrace:
	GetHandleVerifier [0x00948893+48451]
	(No symbol) [0x008DB8A1]
	(No symbol) [0x007E5058]
	(No symbol) [0x007CD073]
	(No symbol) [0x0082DEBB]
	(No symbol) [0x0083BFD3]
	(No symbol) [0x0082A0B6]
	(No symbol) [0x00807E08]
	(No symbol) [0x00808F2D]
	GetHandleVerifier [0x00BA8E3A+2540266]
	GetHandleVerifier [0x00BE8959+2801161]
	GetHandleVerifier [0x00BE295C+2776588]
	GetHandleVerifier [0x009D2280+612144]
	(No symbol) [0x008E4F6C]
	(No symbol) [0x008E11D8]
	(No symbol) [0x008E12BB]
	(No symbol) [0x008D4857]
	BaseThreadInitThunk [0x76006BA9+25]
	RtlGetFullPathName_UEx [0x77838F9F+1215]
	RtlGetFullPathName_UEx [0x77838F6D+1165]
</msg>
<msg timestamp="20230523 08:59:25.423" level="FAIL">Element with locator 'namalengkap' not found.</msg>
<status status="FAIL" starttime="20230523 08:59:24.405" endtime="20230523 08:59:25.423"></status>
</kw>
<status status="FAIL" starttime="20230523 08:59:10.883" endtime="20230523 08:59:25.424" critical="yes">Element with locator 'namalengkap' not found.</status>
</test>
<status status="FAIL" starttime="20230523 08:59:10.085" endtime="20230523 08:59:25.425"></status>
</suite>
<status status="FAIL" starttime="20230523 08:59:10.081" endtime="20230523 08:59:25.430"></status>
</suite>
<status status="FAIL" starttime="20230523 08:59:10.053" endtime="20230523 08:59:25.433"></status>
</suite>
<statistics>
<total>
<stat pass="0" fail="1">Critical Tests</stat>
<stat pass="0" fail="1">All Tests</stat>
</total>
<tag>
</tag>
<suite>
<stat pass="0" fail="1" id="s1" name="RobotTestProject">RobotTestProject</stat>
<stat pass="0" fail="1" id="s1-s1" name="TestSuiteProyek">RobotTestProject.TestSuiteProyek</stat>
<stat pass="0" fail="1" id="s1-s1-s1" name="FirstTest">RobotTestProject.TestSuiteProyek.FirstTest</stat>
</suite>
</statistics>
<errors>
<msg timestamp="20230523 08:59:10.049" level="ERROR">Taking listener 'C:\Users\ASUS\AppData\Local\Temp\RobotTempDir324649903010139509\TestRunnerAgent.py:54169' into use failed: Importing listener 'C:\Users\ASUS\AppData\Local\Temp\RobotTempDir324649903010139509\TestRunnerAgent.py' failed: ModuleNotFoundError: No module named 'robot.parsing.populators'
Traceback (most recent call last):
  File "C:\Users\ASUS\AppData\Local\Temp\RobotTempDir324649903010139509\TestRunnerAgent.py", line 72, in &lt;module&gt;
    from robot.parsing.populators import READERS
PYTHONPATH:
  C:\Python\Python311\Lib\site-packages
  C:\Users\ASUS\AppData\Local\Programs\Python\Python311\Lib\site-packages
  D:\Perkuliahan\RobotTestProject
  C:\Users\ASUS\AppData\Local\Programs\Python\Python311\python311.zip
  C:\Users\ASUS\AppData\Local\Programs\Python\Python311\DLLs
  C:\Users\ASUS\AppData\Local\Programs\Python\Python311\Lib
  C:\Users\ASUS\AppData\Local\Programs\Python\Python311
  C:\Users\ASUS\AppData\Local\Programs\Python\Python311\Lib\site-packages</msg>
<msg timestamp="20230523 08:59:25.403" level="WARN">Keyword 'Capture Page Screenshot' could not be run on failure: Message: no such window: target window already closed
from unknown error: web view not found
  (Session info: chrome=113.0.5672.127)
Stacktrace:
Backtrace:
	GetHandleVerifier [0x00948893+48451]
	(No symbol) [0x008DB8A1]
	(No symbol) [0x007E5058]
	(No symbol) [0x007CD073]
	(No symbol) [0x0082DEBB]
	(No symbol) [0x0083BFD3]
	(No symbol) [0x0082A0B6]
	(No symbol) [0x00807E08]
	(No symbol) [0x00808F2D]
	GetHandleVerifier [0x00BA8E3A+2540266]
	GetHandleVerifier [0x00BE8959+2801161]
	GetHandleVerifier [0x00BE295C+2776588]
	GetHandleVerifier [0x009D2280+612144]
	(No symbol) [0x008E4F6C]
	(No symbol) [0x008E11D8]
	(No symbol) [0x008E12BB]
	(No symbol) [0x008D4857]
	BaseThreadInitThunk [0x76006BA9+25]
	RtlGetFullPathName_UEx [0x77838F9F+1215]
	RtlGetFullPathName_UEx [0x77838F6D+1165]
</msg>
</errors>
</robot>
